{
  "RSpec": {
    "coverage": {
      "/Users/alistairmbp/projects/techtests/workshare/api/spec/api_spec.rb": [
        1,
        null,
        1,
        1,
        1,
        null,
        1,
        1,
        null,
        1,
        1,
        null,
        null,
        1,
        1,
        1,
        1,
        null,
        null
      ],
      "/Users/alistairmbp/projects/techtests/workshare/api/spec/request_spec.rb": [
        1,
        null,
        1,
        3,
        1,
        1,
        1,
        null,
        null,
        null,
        1,
        1,
        1,
        null,
        null,
        null
      ]
    },
    "timestamp": 1509646912
  }
}
